<?xml version="1.0" encoding="UTF-8"?>
<!-- Generated by org.testng.reporters.JUnitReportReporter -->
<testsuite hostname="DESKTOP-04AOR7T" failures="0" tests="1" name="Example.jessy" time="0.001" errors="0" timestamp="2021-09-30T20:42:56 IST" skipped="0">
  <testcase classname="Example.jessy" name="second" time="0.001"/>
  <system-out/>
</testsuite> <!-- Example.jessy -->
