<?xml version="1.0" encoding="UTF-8"?>
<!-- Generated by org.testng.reporters.JUnitReportReporter -->
<testsuite hostname="DESKTOP-04AOR7T" failures="0" tests="2" name="Example.TestNg" time="0.009" errors="0" timestamp="2021-09-30T20:42:56 IST" skipped="0">
  <testcase classname="Example.TestNg" name="First" time="0.008"/>
  <system-out/>
  <testcase classname="Example.TestNg" name="Firstl" time="0.001"/>
  <system-out/>
</testsuite> <!-- Example.TestNg -->
